<?xml version="1.0" encoding="UTF-8"?>
<!-- Generated by org.testng.reporters.JUnitXMLReporter -->
<testsuite ignored="0" hostname="INBANCHS01" failures="0" tests="3" name="Default test" time="2.425" errors="0" timestamp="2026-06-22T16:01:05 IST">
  <testcase classname="files.SendParameterToPayload" name="addBook" time="2.032"/>
  <testcase classname="files.SendParameterToPayload" name="addBook" time="0.173"/>
  <testcase classname="files.SendParameterToPayload" name="addBook" time="0.165"/>
</testsuite> <!-- Default test -->
