<?xml version="1.0" encoding="UTF-8"?>
<testng-results ignored="0" total="3" passed="3" failed="0" skipped="0">
  <reporter-output>
  </reporter-output>
  <suite started-at="2026-06-22T16:01:03 IST" name="Default suite" finished-at="2026-06-22T16:01:05 IST" duration-ms="2425">
    <groups>
    </groups>
    <test started-at="2026-06-22T16:01:03 IST" name="Default test" finished-at="2026-06-22T16:01:05 IST" duration-ms="2425">
      <class name="files.SendParameterToPayload">
        <test-method signature="addBook(java.lang.String,java.lang.String)[pri:0, instance:files.SendParameterToPayload@351d00c0]" started-at="2026-06-22T16:01:03 IST" name="addBook" data-provider="BooksData" finished-at="2026-06-22T16:01:05 IST" duration-ms="2032" status="PASS">
          <params>
            <param index="0">
              <value>
                <![CDATA[chshsn]]>
              </value>
            </param>
            <param index="1">
              <value>
                <![CDATA[9844]]>
              </value>
            </param>
          </params>
          <reporter-output>
          </reporter-output>
        </test-method> <!-- addBook -->
        <test-method signature="addBook(java.lang.String,java.lang.String)[pri:0, instance:files.SendParameterToPayload@351d00c0]" started-at="2026-06-22T16:01:05 IST" name="addBook" data-provider="BooksData" finished-at="2026-06-22T16:01:05 IST" duration-ms="173" status="PASS">
          <params>
            <param index="0">
              <value>
                <![CDATA[nhshsn]]>
              </value>
            </param>
            <param index="1">
              <value>
                <![CDATA[9513]]>
              </value>
            </param>
          </params>
          <reporter-output>
          </reporter-output>
        </test-method> <!-- addBook -->
        <test-method signature="addBook(java.lang.String,java.lang.String)[pri:0, instance:files.SendParameterToPayload@351d00c0]" started-at="2026-06-22T16:01:05 IST" name="addBook" data-provider="BooksData" finished-at="2026-06-22T16:01:05 IST" duration-ms="165" status="PASS">
          <params>
            <param index="0">
              <value>
                <![CDATA[phshsn]]>
              </value>
            </param>
            <param index="1">
              <value>
                <![CDATA[8144]]>
              </value>
            </param>
          </params>
          <reporter-output>
          </reporter-output>
        </test-method> <!-- addBook -->
      </class> <!-- files.SendParameterToPayload -->
    </test> <!-- Default test -->
  </suite> <!-- Default suite -->
</testng-results>
