<?xml version="1.0" encoding="UTF-8"?>
<!-- Generated by org.testng.reporters.JUnitReportReporter -->
<testsuite hostname="INBANCHS01" failures="0" tests="3" name="files.SendParameterToPayload" time="2.370" errors="0" timestamp="2026-06-22T16:01:06 IST" skipped="0">
  <testcase classname="files.SendParameterToPayload" name="addBook" time="0.165"/>
  <testcase classname="files.SendParameterToPayload" name="addBook" time="2.032"/>
  <testcase classname="files.SendParameterToPayload" name="addBook" time="0.173"/>
</testsuite> <!-- files.SendParameterToPayload -->
